  Iluminación.cpp
c:\users\laura\u\4º\visual studio\gl\include\utilidades.h(29): warning C4838: la conversión de 'double' en 'const GLfloat' requiere una conversión de restricción
c:\users\laura\u\4º\visual studio\gl\include\utilidades.h(29): warning C4305: 'inicializando': truncamiento de 'double' a 'const GLfloat'
c:\users\laura\u\4º\visual studio\gl\include\utilidades.h(30): warning C4838: la conversión de 'double' en 'const GLfloat' requiere una conversión de restricción
c:\users\laura\u\4º\visual studio\gl\include\utilidades.h(30): warning C4305: 'inicializando': truncamiento de 'double' a 'const GLfloat'
c:\users\laura\u\4º\visual studio\gl\include\utilidades.h(35): warning C4838: la conversión de 'double' en 'const GLfloat' requiere una conversión de restricción
c:\users\laura\u\4º\visual studio\gl\include\utilidades.h(35): warning C4305: 'inicializando': truncamiento de 'double' a 'const GLfloat'
c:\users\laura\u\4º\visual studio\gl\include\utilidades.h(36): warning C4838: la conversión de 'double' en 'const GLfloat' requiere una conversión de restricción
c:\users\laura\u\4º\visual studio\gl\include\utilidades.h(36): warning C4305: 'inicializando': truncamiento de 'double' a 'const GLfloat'
c:\users\laura\u\4º\visual studio\gl\include\utilidades.h(38): warning C4838: la conversión de 'double' en 'const GLfloat' requiere una conversión de restricción
c:\users\laura\u\4º\visual studio\gl\include\utilidades.h(38): warning C4305: 'inicializando': truncamiento de 'double' a 'const GLfloat'
c:\users\laura\u\4º\visual studio\gl\include\utilidades.h(252): warning C4305: 'argumento': truncamiento de 'double' a 'GLfloat'
c:\users\laura\u\4º\visual studio\pract1\pract7\iluminación.cpp(53): warning C4838: la conversión de 'double' en 'GLfloat' requiere una conversión de restricción
c:\users\laura\u\4º\visual studio\pract1\pract7\iluminación.cpp(53): warning C4305: 'inicializando': truncamiento de 'double' a 'GLfloat'
c:\users\laura\u\4º\visual studio\pract1\pract7\iluminación.cpp(54): warning C4838: la conversión de 'double' en 'GLfloat' requiere una conversión de restricción
c:\users\laura\u\4º\visual studio\pract1\pract7\iluminación.cpp(54): warning C4305: 'inicializando': truncamiento de 'double' a 'GLfloat'
c:\users\laura\u\4º\visual studio\pract1\pract7\iluminación.cpp(61): warning C4838: la conversión de 'double' en 'GLfloat' requiere una conversión de restricción
c:\users\laura\u\4º\visual studio\pract1\pract7\iluminación.cpp(61): warning C4305: 'inicializando': truncamiento de 'double' a 'GLfloat'
c:\users\laura\u\4º\visual studio\pract1\pract7\iluminación.cpp(63): warning C4838: la conversión de 'double' en 'GLfloat' requiere una conversión de restricción
c:\users\laura\u\4º\visual studio\pract1\pract7\iluminación.cpp(63): warning C4305: 'inicializando': truncamiento de 'double' a 'GLfloat'
c:\users\laura\u\4º\visual studio\pract1\pract7\iluminación.cpp(72): warning C4838: la conversión de 'double' en 'GLfloat' requiere una conversión de restricción
c:\users\laura\u\4º\visual studio\pract1\pract7\iluminación.cpp(72): warning C4305: 'inicializando': truncamiento de 'double' a 'GLfloat'
c:\users\laura\u\4º\visual studio\pract1\pract7\iluminación.cpp(111): warning C4244: 'inicializando': conversión de 'int' a 'float'; posible pérdida de datos
c:\users\laura\u\4º\visual studio\pract1\pract7\iluminación.cpp(112): warning C4244: '+=': conversión de 'double' a 'float'; posible pérdida de datos
c:\users\laura\u\4º\visual studio\pract1\pract7\iluminación.cpp(113): warning C4244: '+=': conversión de 'double' a 'float'; posible pérdida de datos
c:\users\laura\u\4º\visual studio\pract1\pract7\iluminación.cpp(114): warning C4244: '=': conversión de 'double' a 'float'; posible pérdida de datos
c:\users\laura\u\4º\visual studio\pract1\pract7\iluminación.cpp(115): warning C4244: '=': conversión de 'double' a 'float'; posible pérdida de datos
c:\users\laura\u\4º\visual studio\pract1\pract7\iluminación.cpp(133): warning C4838: la conversión de 'double' en 'GLfloat' requiere una conversión de restricción
c:\users\laura\u\4º\visual studio\pract1\pract7\iluminación.cpp(133): warning C4305: 'inicializando': truncamiento de 'double' a 'GLfloat'
c:\users\laura\u\4º\visual studio\pract1\pract7\iluminación.cpp(135): warning C4838: la conversión de 'double' en 'GLfloat' requiere una conversión de restricción
c:\users\laura\u\4º\visual studio\pract1\pract7\iluminación.cpp(135): warning C4305: 'inicializando': truncamiento de 'double' a 'GLfloat'
c:\users\laura\u\4º\visual studio\pract1\pract7\iluminación.cpp(175): warning C4838: la conversión de 'double' en 'GLfloat' requiere una conversión de restricción
c:\users\laura\u\4º\visual studio\pract1\pract7\iluminación.cpp(175): warning C4305: 'inicializando': truncamiento de 'double' a 'GLfloat'
c:\users\laura\u\4º\visual studio\pract1\pract7\iluminación.cpp(176): warning C4838: la conversión de 'double' en 'GLfloat' requiere una conversión de restricción
c:\users\laura\u\4º\visual studio\pract1\pract7\iluminación.cpp(176): warning C4305: 'inicializando': truncamiento de 'double' a 'GLfloat'
c:\users\laura\u\4º\visual studio\pract1\pract7\iluminación.cpp(186): warning C4838: la conversión de 'double' en 'GLfloat' requiere una conversión de restricción
c:\users\laura\u\4º\visual studio\pract1\pract7\iluminación.cpp(186): warning C4305: 'inicializando': truncamiento de 'double' a 'GLfloat'
c:\users\laura\u\4º\visual studio\pract1\pract7\iluminación.cpp(187): warning C4838: la conversión de 'double' en 'GLfloat' requiere una conversión de restricción
c:\users\laura\u\4º\visual studio\pract1\pract7\iluminación.cpp(187): warning C4305: 'inicializando': truncamiento de 'double' a 'GLfloat'
c:\users\laura\u\4º\visual studio\pract1\pract7\iluminación.cpp(199): warning C4838: la conversión de 'double' en 'GLfloat' requiere una conversión de restricción
c:\users\laura\u\4º\visual studio\pract1\pract7\iluminación.cpp(199): warning C4305: 'inicializando': truncamiento de 'double' a 'GLfloat'
c:\users\laura\u\4º\visual studio\pract1\pract7\iluminación.cpp(200): warning C4838: la conversión de 'double' en 'GLfloat' requiere una conversión de restricción
c:\users\laura\u\4º\visual studio\pract1\pract7\iluminación.cpp(200): warning C4305: 'inicializando': truncamiento de 'double' a 'GLfloat'
c:\users\laura\u\4º\visual studio\pract1\pract7\iluminación.cpp(209): warning C4305: 'argumento': truncamiento de 'double' a 'GLfloat'
c:\users\laura\u\4º\visual studio\pract1\pract7\iluminación.cpp(232): warning C4305: '+=': truncamiento de 'double' a 'float'
c:\users\laura\u\4º\visual studio\pract1\pract7\iluminación.cpp(236): warning C4244: '=': conversión de 'double' a 'float'; posible pérdida de datos
  Pract7.vcxproj -> C:\Users\LAURA\U\4º\Visual Studio\Pract1\Pract7\Pract7.exe
  Pract7.vcxproj -> C:\Users\LAURA\U\4º\Visual Studio\Pract1\Pract7\Pract7.pdb (Partial PDB)
